-------------------------------------------------------------------------------
Test set: tw.test.mike.ApilabApplicationTests
-------------------------------------------------------------------------------
Tests run: 1, Failures: 0, Errors: 1, Skipped: 0, Time elapsed: 3.295 s <<< FAILURE! - in tw.test.mike.ApilabApplicationTests
contextLoads  Time elapsed: 0.002 s  <<< ERROR!
java.lang.IllegalStateException: Failed to load ApplicationContext
Caused by: org.springframework.beans.factory.BeanCreationException: Error creating bean with name 'entityManagerFactory' defined in class path resource [org/springframework/boot/autoconfigure/orm/jpa/HibernateJpaConfiguration.class]: Invocation of init method failed; nested exception is org.hibernate.AnnotationException: Unknown mappedBy in: tw.test.mike.bean.BlogBean.journey, referenced property unknown: tw.test.mike.bean.JourneyBean.blog
Caused by: org.hibernate.AnnotationException: Unknown mappedBy in: tw.test.mike.bean.BlogBean.journey, referenced property unknown: tw.test.mike.bean.JourneyBean.blog

